<?xml version="1.0" encoding="UTF-8"?>
<!-- Generated by org.testng.reporters.JUnitReportReporter -->
<testsuite skipped="0" hostname="shubhagg-mac" name="com.testCases.Test1" tests="3" failures="0" timestamp="2021-06-25T17:19:01 IST" time="38.882" errors="0">
  <testcase name="testCase1" time="6.768" classname="com.testCases.Test1"/>
  <testcase name="testCase1" time="19.022" classname="com.testCases.Test1"/>
  <testcase name="testCase1" time="13.092" classname="com.testCases.Test1"/>
</testsuite> <!-- com.testCases.Test1 -->
