<?xml version="1.0" encoding="UTF-8"?>
<!-- Generated by org.testng.reporters.JUnitReportReporter -->
<testsuite skipped="2" hostname="shubhagg-mac" name="com.annotations.Order" tests="4" failures="0" timestamp="2021-09-16T14:17:55 IST" time="0.001" errors="0">
  <testcase name="Savemail" time="0.001" classname="com.annotations.Order">
    <skipped/>
  </testcase> <!-- Savemail -->
  <testcase name="composemail1" time="0.000" classname="com.annotations.Order"/>
  <testcase name="login" time="0.000" classname="com.annotations.Order"/>
  <testcase name="composemail" classname="com.annotations.Order">
    <skipped/>
  </testcase> <!-- composemail -->
</testsuite> <!-- com.annotations.Order -->
