<?xml version="1.0" encoding="UTF-8"?>
<!-- Generated by org.testng.reporters.JUnitReportReporter -->
<testsuite skipped="0" hostname="shubhagg-mac" name="com.annotations.Param1" tests="3" failures="0" timestamp="2021-09-16T14:17:55 IST" time="0.020" errors="0">
  <testcase name="testCase2" time="0.007" classname="com.annotations.Param1"/>
  <testcase name="testCase2" time="0.011" classname="com.annotations.Param1"/>
  <testcase name="testCase2" time="0.002" classname="com.annotations.Param1"/>
</testsuite> <!-- com.annotations.Param1 -->
