<?xml version="1.0" encoding="UTF-8"?>
<!-- Generated by org.testng.reporters.JUnitReportReporter -->
<testsuite skipped="0" hostname="shubhagg-mac" name="com.annotations.HookableListner" tests="1" failures="0" timestamp="2021-09-16T16:07:17 IST" time="0.011" errors="0">
  <testcase name="testMethod1" time="0.011" classname="com.annotations.HookableListner"/>
</testsuite> <!-- com.annotations.HookableListner -->
