<?xml version="1.0" encoding="UTF-8"?>
<!-- Generated by org.testng.reporters.JUnitReportReporter -->
<testsuite skipped="0" hostname="shubhagg-mac" name="com.annotations.FetchDataFromDataPool" tests="3" failures="0" timestamp="2021-09-16T14:17:55 IST" time="0.029" errors="0">
  <testcase name="testCase1" time="0.004" classname="com.annotations.FetchDataFromDataPool"/>
  <testcase name="testCase1" time="0.021" classname="com.annotations.FetchDataFromDataPool"/>
  <testcase name="testCase1" time="0.004" classname="com.annotations.FetchDataFromDataPool"/>
</testsuite> <!-- com.annotations.FetchDataFromDataPool -->
