<?xml version="1.0" encoding="UTF-8"?>
<!-- Generated by org.testng.reporters.JUnitReportReporter -->
<testsuite skipped="0" hostname="shubhagg-mac" name="com.annotations.HardAssertExample" tests="1" failures="0" timestamp="2021-09-16T14:17:55 IST" time="0.006" errors="0">
  <testcase name="testCase" time="0.006" classname="com.annotations.HardAssertExample"/>
</testsuite> <!-- com.annotations.HardAssertExample -->
