<?xml version="1.0" encoding="UTF-8"?>
<!-- Generated by org.testng.reporters.JUnitReportReporter -->
<testsuite skipped="0" hostname="shubhagg-mac" name="com.annotations.MyTestClass" tests="2" failures="0" timestamp="2021-09-16T16:04:09 IST" time="0.016" errors="0">
  <testcase name="testMethod1" time="0.014" classname="com.annotations.MyTestClass"/>
  <testcase name="testMethod2" time="0.002" classname="com.annotations.MyTestClass"/>
</testsuite> <!-- com.annotations.MyTestClass -->
