<?xml version="1.0" encoding="UTF-8"?>
<!-- Generated by org.testng.reporters.JUnitReportReporter -->
<testsuite skipped="0" hostname="shubhagg-mac" name="com.annotations.Annot" tests="5" failures="0" timestamp="2021-09-16T16:21:46 IST" time="0.010" errors="0">
  <testcase name="testcase1" time="0.002" classname="com.annotations.Annot"/>
  <testcase name="testcase3" time="0.002" classname="com.annotations.Annot"/>
  <testcase name="testcase1" time="0.003" classname="com.annotations.Annot"/>
  <testcase name="testcase2" time="0.002" classname="com.annotations.Annot"/>
  <testcase name="testcase1" time="0.001" classname="com.annotations.Annot"/>
</testsuite> <!-- com.annotations.Annot -->
