<?xml version="1.0" encoding="UTF-8"?>
<!-- Generated by org.testng.reporters.JUnitReportReporter -->
<testsuite skipped="0" hostname="shubhagg-mac" name="com.annotations.ParamWithExcel" tests="16" failures="0" timestamp="2021-09-16T14:17:55 IST" time="0.053" errors="0">
  <testcase name="testCase1" time="0.004" classname="com.annotations.ParamWithExcel"/>
  <testcase name="testCase1" time="0.004" classname="com.annotations.ParamWithExcel"/>
  <testcase name="testCase1" time="0.002" classname="com.annotations.ParamWithExcel"/>
  <testcase name="testCase1" time="0.004" classname="com.annotations.ParamWithExcel"/>
  <testcase name="testCase1" time="0.003" classname="com.annotations.ParamWithExcel"/>
  <testcase name="testCase1" time="0.002" classname="com.annotations.ParamWithExcel"/>
  <testcase name="testCase1" time="0.005" classname="com.annotations.ParamWithExcel"/>
  <testcase name="testCase1" time="0.002" classname="com.annotations.ParamWithExcel"/>
  <testcase name="testCase1" time="0.004" classname="com.annotations.ParamWithExcel"/>
  <testcase name="testCase1" time="0.001" classname="com.annotations.ParamWithExcel"/>
  <testcase name="testCase1" time="0.003" classname="com.annotations.ParamWithExcel"/>
  <testcase name="testCase1" time="0.001" classname="com.annotations.ParamWithExcel"/>
  <testcase name="testCase1" time="0.001" classname="com.annotations.ParamWithExcel"/>
  <testcase name="testCase1" time="0.008" classname="com.annotations.ParamWithExcel"/>
  <testcase name="testCase1" time="0.008" classname="com.annotations.ParamWithExcel"/>
  <testcase name="testCase1" time="0.001" classname="com.annotations.ParamWithExcel"/>
</testsuite> <!-- com.annotations.ParamWithExcel -->
