<?xml version="1.0" encoding="UTF-8"?>
<!-- Generated by org.testng.reporters.JUnitReportReporter -->
<testsuite skipped="0" hostname="shubhagg-mac" name="com.groupsConcepts.Test2" tests="3" failures="0" timestamp="2021-12-09T14:21:13 IST" time="0.016" errors="0">
  <testcase name="testcase5" time="0.010" classname="com.groupsConcepts.Test2"/>
  <testcase name="testcase7" time="0.004" classname="com.groupsConcepts.Test2"/>
  <testcase name="testcase6" time="0.002" classname="com.groupsConcepts.Test2"/>
</testsuite> <!-- com.groupsConcepts.Test2 -->
