<?xml version="1.0" encoding="UTF-8"?>
<!-- Generated by org.testng.reporters.JUnitReportReporter -->
<testsuite skipped="0" hostname="shubhagg-mac" name="com.annotations.WorkWithExcel" tests="1" failures="0" timestamp="2021-09-16T14:17:55 IST" time="0.553" errors="0">
  <testcase name="WorkWithExl" time="0.553" classname="com.annotations.WorkWithExcel"/>
</testsuite> <!-- com.annotations.WorkWithExcel -->
