<?xml version="1.0" encoding="UTF-8"?>
<!-- Generated by org.testng.reporters.JUnitReportReporter -->
<testsuite skipped="0" hostname="shubhagg-mac" name="com.listenresExample.Test2" tests="3" failures="0" timestamp="2021-09-16T14:09:14 IST" time="0.007" errors="0">
  <testcase name="testCase3" time="0.002" classname="com.listenresExample.Test2"/>
  <testcase name="testCase35" time="0.004" classname="com.listenresExample.Test2"/>
  <testcase name="testCase4" time="0.001" classname="com.listenresExample.Test2"/>
</testsuite> <!-- com.listenresExample.Test2 -->
