<?xml version="1.0" encoding="UTF-8"?>
<!-- Generated by org.testng.reporters.JUnitReportReporter -->
<testsuite skipped="0" hostname="shubhagg-mac" name="com.testCasesForAmazon.Test2" tests="1" failures="0" timestamp="2020-07-14T12:28:25 IST" time="6.558" errors="0">
  <testcase name="workWithBrow" time="6.558" classname="com.testCasesForAmazon.Test2"/>
</testsuite> <!-- com.testCasesForAmazon.Test2 -->
