<?xml version="1.0" encoding="UTF-8"?>
<!-- Generated by org.testng.reporters.JUnitReportReporter -->
<testsuite skipped="0" hostname="shubhagg-mac" name="com.seleniumConcepts.WorkWithAlert" tests="1" failures="0" timestamp="2020-07-17T16:57:20 IST" time="4.552" errors="0">
  <testcase name="workWithBrow" time="4.552" classname="com.seleniumConcepts.WorkWithAlert"/>
</testsuite> <!-- com.seleniumConcepts.WorkWithAlert -->
