<?xml version="1.0" encoding="UTF-8"?>
<!-- Generated by org.testng.reporters.JUnitReportReporter -->
<testsuite skipped="0" hostname="shubhagg-mac" name="com.seleniumConcepts.FirefoxProfileEx" tests="1" failures="0" timestamp="2020-07-14T16:04:28 IST" time="4.885" errors="0">
  <testcase name="workWithBrow" time="4.885" classname="com.seleniumConcepts.FirefoxProfileEx"/>
</testsuite> <!-- com.seleniumConcepts.FirefoxProfileEx -->
