<?xml version="1.0" encoding="UTF-8"?>
<!-- Generated by org.testng.reporters.JUnitReportReporter -->
<testsuite skipped="0" hostname="shubhagg-mac" name="com.testCasesForAmazon.Test3" tests="1" failures="0" timestamp="2020-07-14T12:28:25 IST" time="9.008" errors="0">
  <testcase name="workWithBrow" time="9.008" classname="com.testCasesForAmazon.Test3"/>
</testsuite> <!-- com.testCasesForAmazon.Test3 -->
