<?xml version="1.0" encoding="UTF-8"?>
<!-- Generated by org.testng.reporters.JUnitReportReporter -->
<testsuite skipped="0" hostname="shubhagg-mac" name="com.seleniumConcepts.JqueryFrames" tests="1" failures="0" timestamp="2020-07-14T17:01:52 IST" time="5.874" errors="0">
  <testcase name="workWithBrow" time="5.874" classname="com.seleniumConcepts.JqueryFrames"/>
</testsuite> <!-- com.seleniumConcepts.JqueryFrames -->
