<?xml version="1.0" encoding="UTF-8"?>
<!-- Generated by org.testng.reporters.JUnitReportReporter -->
<testsuite skipped="0" hostname="shubhagg-mac" name="com.seleniumConcepts.ExtentReportExample" tests="1" failures="0" timestamp="2020-07-17T14:33:12 IST" time="10.730" errors="0">
  <testcase name="workWithBrow" time="10.730" classname="com.seleniumConcepts.ExtentReportExample"/>
</testsuite> <!-- com.seleniumConcepts.ExtentReportExample -->
