<?xml version="1.0" encoding="UTF-8"?>
<!-- Generated by org.testng.reporters.JUnitReportReporter -->
<testsuite skipped="0" hostname="shubhagg-mac" name="com.seleniumConcepts.WorkWithBrowsers" tests="1" failures="0" timestamp="2020-07-14T10:36:46 IST" time="5.605" errors="0">
  <testcase name="workWithBrow" time="5.605" classname="com.seleniumConcepts.WorkWithBrowsers"/>
</testsuite> <!-- com.seleniumConcepts.WorkWithBrowsers -->
