<?xml version="1.0" encoding="UTF-8"?>
<!-- Generated by org.testng.reporters.JUnitReportReporter -->
<testsuite skipped="0" hostname="shubhagg-mac" name="com.seleniumConcepts.TakeScreenShot" tests="1" failures="0" timestamp="2020-07-14T15:12:28 IST" time="6.497" errors="0">
  <testcase name="workWithBrow" time="6.497" classname="com.seleniumConcepts.TakeScreenShot"/>
</testsuite> <!-- com.seleniumConcepts.TakeScreenShot -->
