<?xml version="1.0" encoding="UTF-8"?>
<!-- Generated by org.testng.reporters.JUnitReportReporter -->
<testsuite skipped="0" hostname="shubhagg-mac" name="com.seleniumConcepts.WorkWithWebDriverManager" tests="1" failures="0" timestamp="2020-07-14T10:54:44 IST" time="5.328" errors="0">
  <testcase name="workWithBrow" time="5.328" classname="com.seleniumConcepts.WorkWithWebDriverManager"/>
</testsuite> <!-- com.seleniumConcepts.WorkWithWebDriverManager -->
