<?xml version="1.0" encoding="UTF-8"?>
<!-- Generated by org.testng.reporters.JUnitReportReporter -->
<testsuite skipped="0" hostname="shubhagg-mac" name="com.seleniumConcepts.JavaScriptExample" tests="1" failures="0" timestamp="2020-07-17T12:20:27 IST" time="4.297" errors="0">
  <testcase name="workWithBrow" time="4.297" classname="com.seleniumConcepts.JavaScriptExample"/>
</testsuite> <!-- com.seleniumConcepts.JavaScriptExample -->
