<?xml version="1.0" encoding="UTF-8"?>
<!-- Generated by org.testng.reporters.JUnitReportReporter -->
<testsuite skipped="3" hostname="shubhagg-mac" name="com.testCases.Test456" tests="3" failures="0" timestamp="2021-09-16T14:02:57 IST" time="0.000" errors="0">
  <testcase name="testCase456" time="0.000" classname="com.testCases.Test456">
    <skipped/>
  </testcase> <!-- testCase456 -->
  <testcase name="testCase456" time="0.000" classname="com.testCases.Test456">
    <skipped/>
  </testcase> <!-- testCase456 -->
  <testcase name="testCase456" time="0.000" classname="com.testCases.Test456">
    <skipped/>
  </testcase> <!-- testCase456 -->
</testsuite> <!-- com.testCases.Test456 -->
