<?xml version="1.0" encoding="UTF-8"?>
<!-- Generated by org.testng.reporters.JUnitReportReporter -->
<testsuite skipped="0" hostname="shubhagg-mac" name="testCases.Test2" tests="2" failures="0" timestamp="17 Jul 2020 09:46:03 GMT" time="0.011" errors="0">
  <testcase name="testCase3" time="0.010" classname="testCases.Test2"/>
  <testcase name="testCase4" time="0.001" classname="testCases.Test2"/>
</testsuite> <!-- testCases.Test2 -->
