<?xml version="1.0" encoding="UTF-8"?>
<!-- Generated by org.testng.reporters.JUnitReportReporter -->
<testsuite skipped="0" hostname="shubhagg-mac" name="testCases.Test1" tests="2" failures="0" timestamp="17 Jul 2020 09:46:03 GMT" time="0.002" errors="0">
  <testcase name="testCase2" time="0.001" classname="testCases.Test1"/>
  <testcase name="testCase1" time="0.001" classname="testCases.Test1"/>
</testsuite> <!-- testCases.Test1 -->
