<?xml version="1.0" encoding="UTF-8"?>
<!-- Generated by org.testng.reporters.JUnitReportReporter -->
<testsuite skipped="0" hostname="shubhagg-mac" name="com.testBase.TestBase" tests="2" failures="0" timestamp="2020-07-15T11:32:27 IST" time="5.889" errors="0">
  <testcase name="OpenBrowser" time="5.773" classname="com.testBase.TestBase"/>
  <testcase name="CloseBrowser" time="0.116" classname="com.testBase.TestBase"/>
</testsuite> <!-- com.testBase.TestBase -->
