<?xml version="1.0" encoding="UTF-8"?>
<!-- Generated by org.testng.reporters.JUnitReportReporter -->
<testsuite skipped="0" hostname="shubhagg-mac" name="com.testCases.TestCase2" tests="1" failures="0" timestamp="2020-07-15T13:02:19 IST" time="7.429" errors="0">
  <testcase name="testCase2" time="7.429" classname="com.testCases.TestCase2"/>
</testsuite> <!-- com.testCases.TestCase2 -->
