<?xml version="1.0" encoding="UTF-8"?>
<!-- Generated by org.testng.reporters.JUnitReportReporter -->
<testsuite skipped="0" hostname="shubhagg-mac" name="com.testCases.Test1" tests="1" failures="0" timestamp="2020-07-15T16:38:19 IST" time="8.320" errors="0">
  <testcase name="testCase1" time="8.320" classname="com.testCases.Test1"/>
</testsuite> <!-- com.testCases.Test1 -->
