<?xml version="1.0" encoding="UTF-8"?>
<!-- Generated by org.testng.reporters.JUnitReportReporter -->
<testsuite skipped="0" hostname="shubhagg-mac" name="com.testCases.Test2" tests="1" failures="0" timestamp="2020-07-15T16:38:19 IST" time="7.213" errors="0">
  <testcase name="testCase2" time="7.213" classname="com.testCases.Test2"/>
</testsuite> <!-- com.testCases.Test2 -->
